Started HTTP and WebSocket JSON-RPC server at http://127.0.0.1:8545/

Accounts
========

WARNING: Funds sent on live network to accounts with publicly known private keys WILL BE LOST.

Account #0:  0xf39fd6e51aad88f6f4ce6ab8827279cfffb92266 (10000 ETH)
Private Key: 0xac0974bec39a17e36ba4a6b4d238ff944bacb478cbed5efcae784d7bf4f2ff80

Account #1:  0x70997970c51812dc3a010c7d01b50e0d17dc79c8 (10000 ETH)
Private Key: 0x59c6995e998f97a5a0044966f0945389dc9e86dae88c7a8412f4603b6b78690d

Account #2:  0x3c44cdddb6a900fa2b585dd299e03d12fa4293bc (10000 ETH)
Private Key: 0x5de4111afa1a4b94908f83103eb1f1706367c2e68ca870fc3fb9a804cdab365a

Account #3:  0x90f79bf6eb2c4f870365e785982e1f101e93b906 (10000 ETH)
Private Key: 0x7c852118294e51e653712a81e05800f419141751be58f605c371e15141b007a6

Account #4:  0x15d34aaf54267db7d7c367839aaf71a00a2c6a65 (10000 ETH)
Private Key: 0x47e179ec197488593b187f80a00eb0da91f1b9d0b13f8733639f19c30a34926a

Account #5:  0x9965507d1a55bcc2695c58ba16fb37d819b0a4dc (10000 ETH)
Private Key: 0x8b3a350cf5c34c9194ca85829a2df0ec3153be0318b5e2d3348e872092edffba

Account #6:  0x976ea74026e726554db657fa54763abd0c3a0aa9 (10000 ETH)
Private Key: 0x92db14e403b83dfe3df233f83dfa3a0d7096f21ca9b0d6d6b8d88b2b4ec1564e

Account #7:  0x14dc79964da2c08b23698b3d3cc7ca32193d9955 (10000 ETH)
Private Key: 0x4bbbf85ce3377467afe5d46f804f221813b2bb87f24d81f60f1fcdbf7cbf4356

Account #8:  0x23618e81e3f5cdf7f54c3d65f7fbc0abf5b21e8f (10000 ETH)
Private Key: 0xdbda1821b80551c9d65939329250298aa3472ba22feea921c0cf5d620ea67b97

Account #9:  0xa0ee7a142d267c1f36714e4a8f75612f20a79720 (10000 ETH)
Private Key: 0x2a871d0798f97d79848a013d4936a73bf4cc922c825d33c1cf7073dff6d409c6

Account #10: 0xbcd4042de499d14e55001ccbb24a551f3b954096 (10000 ETH)
Private Key: 0xf214f2b2cd398c806f84e317254e0f0b801d0643303237d97a22a48e01628897

Account #11: 0x71be63f3384f5fb98995898a86b02fb2426c5788 (10000 ETH)
Private Key: 0x701b615bbdfb9de65240bc28bd21bbc0d996645a3dd57e7b12bc2bdf6f192c82

Account #12: 0xfabb0ac9d68b0b445fb7357272ff202c5651694a (10000 ETH)
Private Key: 0xa267530f49f8280200edf313ee7af6b827f2a8bce2897751d06a843f644967b1

Account #13: 0x1cbd3b2770909d4e10f157cabc84c7264073c9ec (10000 ETH)
Private Key: 0x47c99abed3324a2707c28affff1267e45918ec8c3f20b8aa892e8b065d2942dd

Account #14: 0xdf3e18d64bc6a983f673ab319ccae4f1a57c7097 (10000 ETH)
Private Key: 0xc526ee95bf44d8fc405a158bb884d9d1238d99f0612e9f33d006bb0789009aaa

Account #15: 0xcd3b766ccdd6ae721141f452c550ca635964ce71 (10000 ETH)
Private Key: 0x8166f546bab6da521a8369cab06c5d2b9e46670292d85c875ee9ec20e84ffb61

Account #16: 0x2546bcd3c84621e976d8185a91a922ae77ecec30 (10000 ETH)
Private Key: 0xea6c44ac03bff858b476bba40716402b03e41b8e97e276d1baec7c37d42484a0

Account #17: 0xbda5747bfd65f08deb54cb465eb87d40e51b197e (10000 ETH)
Private Key: 0x689af8efa8c651a91ad287602527f3af2fe9f6501a7ac4b061667b5a93e037fd

Account #18: 0xdd2fd4581271e230360230f9337d5c0430bf44c0 (10000 ETH)
Private Key: 0xde9be858da4a475276426320d5e9262ecfc3ba460bfac56360bfa6c4c28b4ee0

Account #19: 0x8626f6940e2eb28930efb4cef49b2d1f2c9c1199 (10000 ETH)
Private Key: 0xdf57089febbacf7ba0bc227dafbffa9fc08a93fdc68e1e42411a14efcf23656e

WARNING: Funds sent on live network to accounts with publicly known private keys WILL BE LOST.

[32meth_chainId[0m
[32mhardhat_metadata[0m
[32meth_chainId[0m
[32mhardhat_metadata[0m
[32meth_accounts[0m
[32mhardhat_getAutomine[0m
[32meth_chainId[0m
[32meth_getBlockByNumber[0m
[32meth_getTransactionCount[0m
[32meth_getTransactionCount (2)[0m
[32meth_getTransactionCount (3)[0m
[32meth_getBlockByNumber[0m
[32meth_getTransactionCount[0m
[32meth_getBlockByNumber[0m
[32meth_chainId[0m
[32meth_maxPriorityFeePerGas[0m
[32meth_estimateGas[0m
[32meth_call[0m
  Contract deployment: DemoTarget
  Contract address:    0x5fbdb2315678afecb367f032d93f642f64180aa3
  From:                0xf39fd6e51aad88f6f4ce6ab8827279cfffb92266

[32meth_sendTransaction[0m
  Contract deployment: DemoTarget
  Contract address:    0x5fbdb2315678afecb367f032d93f642f64180aa3
  Transaction:         0x9eed16ed40403706f73e382cda0f39104eb39c24c6df84ca82d6679337396202
  From:                0xf39fd6e51aad88f6f4ce6ab8827279cfffb92266
  Value:               0 ETH
  Gas used:            229694 of 229694
  Block #1:            0x8c717f7f9758c608ec8fd7f930a2d748db717a1c71cca6051216276041b5d487

[32meth_getTransactionByHash[0m
[32meth_getBlockByNumber[0m
[32meth_getTransactionReceipt[0m
[32meth_getTransactionCount[0m
[32meth_getBlockByNumber[0m
[32meth_chainId[0m
[32meth_maxPriorityFeePerGas[0m
[32meth_estimateGas[0m
[32meth_call[0m
  Contract deployment: GovCore
  Contract address:    0xe7f1725e7734ce288f8367e1bb143e90bb3f0512
  From:                0xf39fd6e51aad88f6f4ce6ab8827279cfffb92266

[32meth_sendTransaction[0m
  Contract deployment: GovCore
  Contract address:    0xe7f1725e7734ce288f8367e1bb143e90bb3f0512
  Transaction:         0xf957d49915867284e9d9dfd152c6e3817de4d9bc2241a6ee06f46d5cf05d3a31
  From:                0xf39fd6e51aad88f6f4ce6ab8827279cfffb92266
  Value:               0 ETH
  Gas used:            2629981 of 2629981
  Block #2:            0xb4abf63b96e6c700daa0d3c5bfad05ab00a72a795b0fab7faf8eb5a5b1f56dfc

[32meth_getTransactionByHash[0m
[32meth_getBlockByNumber[0m
[32meth_getTransactionReceipt[0m
[32meth_getBlockByNumber[0m
[32meth_getTransactionCount[0m
[32meth_getBlockByNumber[0m
[32meth_chainId[0m
[32meth_maxPriorityFeePerGas[0m
[32meth_estimateGas[0m
[32meth_call[0m
  Contract deployment: GovProposals
  Contract address:    0x9fe46736679d2d9a65f0992f2272de9f3c7fa6e0
  From:                0xf39fd6e51aad88f6f4ce6ab8827279cfffb92266

[32meth_sendTransaction[0m
  Contract deployment: GovProposals
  Contract address:    0x9fe46736679d2d9a65f0992f2272de9f3c7fa6e0
  Transaction:         0x974200b63e94805ec755ee812189e2d0e87d31edf703cbfade103d5e856f9cc4
  From:                0xf39fd6e51aad88f6f4ce6ab8827279cfffb92266
  Value:               0 ETH
  Gas used:            1839769 of 1839769
  Block #3:            0x685eb86e73266c655ade40b947a3a3486ca8f12404d2ca3efd65dcd914de5364

[32meth_getTransactionByHash[0m
[32meth_getBlockByNumber[0m
[32meth_getTransactionReceipt[0m
[32meth_getBlockByNumber[0m
[32meth_getTransactionCount[0m
[32meth_getBlockByNumber[0m
[32meth_chainId[0m
[32meth_maxPriorityFeePerGas[0m
[32meth_estimateGas[0m
[32meth_call[0m
  Contract call:       DemoTarget#setGovProposals
  From:                0xf39fd6e51aad88f6f4ce6ab8827279cfffb92266
  To:                  0x5fbdb2315678afecb367f032d93f642f64180aa3

[32meth_sendTransaction[0m
  Contract call:       DemoTarget#setGovProposals
  Transaction:         0x49d5444074e064951604c8b1fdfc6f17fc35b4032d7a9f564e01b0e302486e91
  From:                0xf39fd6e51aad88f6f4ce6ab8827279cfffb92266
  To:                  0x5fbdb2315678afecb367f032d93f642f64180aa3
  Value:               0 ETH
  Gas used:            44990 of 44990
  Block #4:            0xed38a4ae17ce85451116105ad818fdf95453dbc7fdd693f1a25bdac8e5418c23

[32meth_getTransactionByHash[0m
[32meth_getBlockByNumber[0m
[32meth_getTransactionReceipt[0m
[32meth_accounts[0m
[32meth_accounts (2)[0m
[32meth_accounts (3)[0m
[32meth_accounts (4)[0m
[32meth_call[0m
  Contract call:       GovCore#nextOrgId
  From:                0xf39fd6e51aad88f6f4ce6ab8827279cfffb92266
  To:                  0xe7f1725e7734ce288f8367e1bb143e90bb3f0512

[32meth_blockNumber[0m
[32meth_getBlockByNumber[0m
[32meth_feeHistory[0m
[32meth_estimateGas[0m
[32meth_sendTransaction[0m
  Contract call:       GovCore#createOrganization
  Transaction:         0xcb2beb2d641fb7210444b5016bd6b6d4b61d7aa7505b32e25b3c4ef13aee463f
  From:                0xf39fd6e51aad88f6f4ce6ab8827279cfffb92266
  To:                  0xe7f1725e7734ce288f8367e1bb143e90bb3f0512
  Value:               0 ETH
  Gas used:            145248 of 145248
  Block #5:            0x41fed859f4197d952e22eb2081b1a21fb80e79196b19a7da80670c3aac9acad9

[32meth_getTransactionByHash[0m
[32meth_getTransactionReceipt[0m
[32meth_call[0m
  Contract call:       GovCore#nextBodyId
  From:                0xf39fd6e51aad88f6f4ce6ab8827279cfffb92266
  To:                  0xe7f1725e7734ce288f8367e1bb143e90bb3f0512

[32meth_blockNumber[0m
[32meth_feeHistory[0m
[32meth_estimateGas[0m
[32meth_sendTransaction[0m
  Contract call:       GovCore#createBody
  Transaction:         0x738dd9905f499dec74da20739d9ee1b91fd390e68c2edfa7db685f5a71f1b689
  From:                0x70997970c51812dc3a010c7d01b50e0d17dc79c8
  To:                  0xe7f1725e7734ce288f8367e1bb143e90bb3f0512
  Value:               0 ETH
  Gas used:            124663 of 124663
  Block #6:            0xeedc7754df3d8575c00194bad08ef872076437dc087585488bccf5097de35a7f

[32meth_getTransactionByHash[0m
[32meth_getTransactionReceipt[0m
[32meth_call[0m
  Contract call:       GovCore#nextBodyId
  From:                0xf39fd6e51aad88f6f4ce6ab8827279cfffb92266
  To:                  0xe7f1725e7734ce288f8367e1bb143e90bb3f0512

[32meth_blockNumber[0m
[32meth_feeHistory[0m
[32meth_estimateGas[0m
[32meth_sendTransaction[0m
  Contract call:       GovCore#createBody
  Transaction:         0x7fb31734c6537f8d204fb7d4ee5ad18ea48ab1d39c44c2eb247cfa00d8c5d0fd
  From:                0x70997970c51812dc3a010c7d01b50e0d17dc79c8
  To:                  0xe7f1725e7734ce288f8367e1bb143e90bb3f0512
  Value:               0 ETH
  Gas used:            112727 of 112727
  Block #7:            0xb6a6e24a558bf362d7172b9803aff892511288f1a131ead81e79365756e19f82

[32meth_getTransactionByHash[0m
[32meth_getTransactionReceipt[0m
[32meth_call[0m
  Contract call:       GovCore#nextBodyId
  From:                0xf39fd6e51aad88f6f4ce6ab8827279cfffb92266
  To:                  0xe7f1725e7734ce288f8367e1bb143e90bb3f0512

[32meth_blockNumber[0m
[32meth_feeHistory[0m
[32meth_estimateGas[0m
[32meth_sendTransaction[0m
  Contract call:       GovCore#createBody
  Transaction:         0x019458fa017573cba7d5fc471cb1e67707148b29fa579cffef673fb82b054e83
  From:                0x70997970c51812dc3a010c7d01b50e0d17dc79c8
  To:                  0xe7f1725e7734ce288f8367e1bb143e90bb3f0512
  Value:               0 ETH
  Gas used:            90475 of 90475
  Block #8:            0x1159712ea0a75a649404b570ca0feb250779563d39cf7be53509b90ed9d14d2f

[32meth_getTransactionByHash[0m
[32meth_getTransactionReceipt[0m
[32meth_call[0m
  Contract call:       GovCore#nextRoleId
  From:                0xf39fd6e51aad88f6f4ce6ab8827279cfffb92266
  To:                  0xe7f1725e7734ce288f8367e1bb143e90bb3f0512

[32meth_blockNumber[0m
[32meth_feeHistory[0m
[32meth_estimateGas[0m
[32meth_sendTransaction[0m
  Contract call:       GovCore#createRole
  Transaction:         0xeb7fc2141139cdff125e657223e45a245a0bbee3791f861933ad3b0b84947a5f
  From:                0x70997970c51812dc3a010c7d01b50e0d17dc79c8
  To:                  0xe7f1725e7734ce288f8367e1bb143e90bb3f0512
  Value:               0 ETH
  Gas used:            126934 of 126934
  Block #9:            0x6223680e26a420680f36690d8731e2af86fd67cef6af29bb2fdbfc93f95c7a62

[32meth_getTransactionByHash[0m
[32meth_getTransactionReceipt[0m
[32meth_blockNumber[0m
[32meth_feeHistory[0m
[32meth_estimateGas[0m
[32meth_sendTransaction[0m
  Contract call:       GovCore#assignMandate
  Transaction:         0xd6e16eb170252ca8cd5c6eec255eeef8566baee82fae7ad21dca35f4abbda57b
  From:                0x70997970c51812dc3a010c7d01b50e0d17dc79c8
  To:                  0xe7f1725e7734ce288f8367e1bb143e90bb3f0512
  Value:               0 ETH
  Gas used:            176904 of 176904
  Block #10:           0x4d88650f3c8b2777f2ae2cbead6cfedbc9d80bd3009cbebc2c704930ff540229

[32meth_getTransactionByHash[0m
[32meth_getTransactionReceipt[0m
[32meth_call[0m
  Contract call:       GovCore#nextRoleId
  From:                0xf39fd6e51aad88f6f4ce6ab8827279cfffb92266
  To:                  0xe7f1725e7734ce288f8367e1bb143e90bb3f0512

[32meth_blockNumber[0m
[32meth_feeHistory[0m
[32meth_estimateGas[0m
[32meth_sendTransaction[0m
  Contract call:       GovCore#createRole
  Transaction:         0xe2a179e6f60e28ed2412a2a300b37a23b59c721081eb63a4504d683980609154
  From:                0x70997970c51812dc3a010c7d01b50e0d17dc79c8
  To:                  0xe7f1725e7734ce288f8367e1bb143e90bb3f0512
  Value:               0 ETH
  Gas used:            92734 of 92734
  Block #11:           0x6325b0ce0add69ee911517c718d0993597786f57a99b1675bbbbf3a8ae5c3449

[32meth_getTransactionByHash[0m
[32meth_getTransactionReceipt[0m
[32meth_blockNumber[0m
[32meth_feeHistory[0m
[32meth_estimateGas[0m
[32meth_sendTransaction[0m
  Contract call:       GovCore#assignMandate
  Transaction:         0x6bf98d946d73d9f70ebc78d056b9d88fc1c9d4bc7983642a6ad3a7c2102526d3
  From:                0x70997970c51812dc3a010c7d01b50e0d17dc79c8
  To:                  0xe7f1725e7734ce288f8367e1bb143e90bb3f0512
  Value:               0 ETH
  Gas used:            142704 of 142704
  Block #12:           0xedf8d19ae4c7d25d405990b605f76e0e0b40614bd6663b7774d26e144224c9a5

[32meth_getTransactionByHash[0m
[32meth_getTransactionReceipt[0m
[32meth_call[0m
  Contract call:       GovCore#nextRoleId
  From:                0xf39fd6e51aad88f6f4ce6ab8827279cfffb92266
  To:                  0xe7f1725e7734ce288f8367e1bb143e90bb3f0512

[32meth_blockNumber[0m
[32meth_feeHistory[0m
[32meth_estimateGas[0m
[32meth_sendTransaction[0m
  Contract call:       GovCore#createRole
  Transaction:         0x97d942372e737a38092da338a4f717a4108f27628350cb60a44e12f3a540e537
  From:                0x70997970c51812dc3a010c7d01b50e0d17dc79c8
  To:                  0xe7f1725e7734ce288f8367e1bb143e90bb3f0512
  Value:               0 ETH
  Gas used:            92734 of 92734
  Block #13:           0xac0d7f19c097e7baf427b945bbb34ccff3dc936eb6d37cd68180f8d064c113b0

[32meth_getTransactionByHash[0m
[32meth_getTransactionReceipt[0m
[32meth_blockNumber[0m
[32meth_feeHistory[0m
[32meth_estimateGas[0m
[32meth_sendTransaction[0m
  Contract call:       GovCore#assignMandate
  Transaction:         0xc15d084993ec286277b635e1d16b75645a25f02f5c3c1c10ec605e3d5183a049
  From:                0x70997970c51812dc3a010c7d01b50e0d17dc79c8
  To:                  0xe7f1725e7734ce288f8367e1bb143e90bb3f0512
  Value:               0 ETH
  Gas used:            176904 of 176904
  Block #14:           0xc79501110ab5c0d40c96a003ee005af913a05f86d645d504eff65c46a25effc5

[32meth_getTransactionByHash[0m
[32meth_getTransactionReceipt[0m
[32meth_call[0m
  Contract call:       GovCore#nextRoleId
  From:                0xf39fd6e51aad88f6f4ce6ab8827279cfffb92266
  To:                  0xe7f1725e7734ce288f8367e1bb143e90bb3f0512

[32meth_blockNumber[0m
[32meth_feeHistory[0m
[32meth_estimateGas[0m
[32meth_sendTransaction[0m
  Contract call:       GovCore#createRole
  Transaction:         0xed9d9a6dcb35ca431eab221e3f2dd826a79f51a74f12012187c1e3e239a76c3d
  From:                0x70997970c51812dc3a010c7d01b50e0d17dc79c8
  To:                  0xe7f1725e7734ce288f8367e1bb143e90bb3f0512
  Value:               0 ETH
  Gas used:            92734 of 92734
  Block #15:           0x74dd7e4ea036da07b11e18ef98a2e7cf03cda634a459f9cf8a336be942646942

[32meth_getTransactionByHash[0m
[32meth_getTransactionReceipt[0m
[32meth_blockNumber[0m
[32meth_feeHistory[0m
[32meth_estimateGas[0m
[32meth_sendTransaction[0m
  Contract call:       GovCore#assignMandate
  Transaction:         0xd43a7dd0e1e0fd3d4e3892e6ca13eed22f87552e76e7a005fd12b7692ca5e567
  From:                0x70997970c51812dc3a010c7d01b50e0d17dc79c8
  To:                  0xe7f1725e7734ce288f8367e1bb143e90bb3f0512
  Value:               0 ETH
  Gas used:            142704 of 142704
  Block #16:           0x3b7b245e5945b2fcb9a5e6f4acb1e31ffd51ff18d68e720b7cc6f227aed0abbe

[32meth_getTransactionByHash[0m
[32meth_getTransactionReceipt[0m
[32meth_call[0m
  Contract call:       GovCore#nextRoleId
  From:                0xf39fd6e51aad88f6f4ce6ab8827279cfffb92266
  To:                  0xe7f1725e7734ce288f8367e1bb143e90bb3f0512

[32meth_blockNumber[0m
[32meth_feeHistory[0m
[32meth_estimateGas[0m
[32meth_sendTransaction[0m
  Contract call:       GovCore#createRole
  Transaction:         0xbb241c20d6d4d138a065aef99242589dabcd52aaefb4981ec8bae875fda50068
  From:                0x70997970c51812dc3a010c7d01b50e0d17dc79c8
  To:                  0xe7f1725e7734ce288f8367e1bb143e90bb3f0512
  Value:               0 ETH
  Gas used:            126934 of 126934
  Block #17:           0x14af9959058f8703e139c46c17481d241ce0d3abd69693181579f4c72cf9e3f8

[32meth_getTransactionByHash[0m
[32meth_getTransactionReceipt[0m
[32meth_blockNumber[0m
[32meth_feeHistory[0m
[32meth_estimateGas[0m
[32meth_sendTransaction[0m
  Contract call:       GovCore#assignMandate
  Transaction:         0xf496facbd978b86b3dee597415adcb103dc65749967fd33e7ca7810fa5a38887
  From:                0x70997970c51812dc3a010c7d01b50e0d17dc79c8
  To:                  0xe7f1725e7734ce288f8367e1bb143e90bb3f0512
  Value:               0 ETH
  Gas used:            176904 of 176904
  Block #18:           0xc3692fcd5235207d30b8cb0ea04ca3d83a7ba154186a280ca43529254b71ad06

[32meth_getTransactionByHash[0m
[32meth_getTransactionReceipt[0m
[32meth_call[0m
  Contract call:       GovCore#nextRoleId
  From:                0xf39fd6e51aad88f6f4ce6ab8827279cfffb92266
  To:                  0xe7f1725e7734ce288f8367e1bb143e90bb3f0512

[32meth_blockNumber[0m
[32meth_feeHistory[0m
[32meth_estimateGas[0m
[32meth_sendTransaction[0m
  Contract call:       GovCore#createRole
  Transaction:         0x91db04cce02833312e21f499ea6469184dc3b87600a3b35b7a33b76615b8f586
  From:                0x70997970c51812dc3a010c7d01b50e0d17dc79c8
  To:                  0xe7f1725e7734ce288f8367e1bb143e90bb3f0512
  Value:               0 ETH
  Gas used:            126934 of 126934
  Block #19:           0x8e1b367d621098ad92b931e11bcbfc34f9135a7b203e79ec589f0be2268288e5

[32meth_getTransactionByHash[0m
[32meth_getTransactionReceipt[0m
[32meth_blockNumber[0m
[32meth_feeHistory[0m
[32meth_estimateGas[0m
[32meth_sendTransaction[0m
  Contract call:       GovCore#assignMandate
  Transaction:         0x3422822d56893f6f2ade25e4eefda7b8bc7f2df24e77a9361ea2f48e676716e2
  From:                0x70997970c51812dc3a010c7d01b50e0d17dc79c8
  To:                  0xe7f1725e7734ce288f8367e1bb143e90bb3f0512
  Value:               0 ETH
  Gas used:            176904 of 176904
  Block #20:           0x42309a9db25e8ac569d590bb42f26db967049f66d43848b573ffeaf5b63c1b8e

[32meth_getTransactionByHash[0m
[32meth_getTransactionReceipt[0m
[32meth_call[0m
  Contract call:       GovCore#nextRoleId
  From:                0xf39fd6e51aad88f6f4ce6ab8827279cfffb92266
  To:                  0xe7f1725e7734ce288f8367e1bb143e90bb3f0512

[32meth_blockNumber[0m
[32meth_feeHistory[0m
[32meth_estimateGas[0m
[32meth_sendTransaction[0m
  Contract call:       GovCore#createRole
  Transaction:         0x491fcf339ba4ca236a12c1cb07c08c6ff30dac55acda350c831576ab5026d39b
  From:                0x70997970c51812dc3a010c7d01b50e0d17dc79c8
  To:                  0xe7f1725e7734ce288f8367e1bb143e90bb3f0512
  Value:               0 ETH
  Gas used:            109834 of 109834
  Block #21:           0x00bcca7df54f3a85bead25b83b8d8d57ca80c273e8fe63d860f83f11aaaf8d2e

[32meth_getTransactionByHash[0m
[32meth_getTransactionReceipt[0m
[32meth_blockNumber[0m
[32meth_feeHistory[0m
[32meth_estimateGas[0m
[32meth_sendTransaction[0m
  Contract call:       GovCore#assignMandate
  Transaction:         0x3b85d6179bafba2ed17c2b0691a83efd073695b72103b341b47c0cc6f9deba23
  From:                0x70997970c51812dc3a010c7d01b50e0d17dc79c8
  To:                  0xe7f1725e7734ce288f8367e1bb143e90bb3f0512
  Value:               0 ETH
  Gas used:            176904 of 176904
  Block #22:           0xf012e86d8d99e858fb1004bb292337fbd078a79c246e7c1c5ea08404e3c00297

[32meth_getTransactionByHash[0m
[32meth_getTransactionReceipt[0m
[32meth_call[0m
  Contract call:       GovCore#nextRoleId
  From:                0xf39fd6e51aad88f6f4ce6ab8827279cfffb92266
  To:                  0xe7f1725e7734ce288f8367e1bb143e90bb3f0512

[32meth_blockNumber[0m
[32meth_feeHistory[0m
[32meth_estimateGas[0m
[32meth_sendTransaction[0m
  Contract call:       GovCore#createRole
  Transaction:         0x1f9e3dc6ec3fe1f1f9eecebdf5e359f6541b70ccee317c255f7cfd608243d750
  From:                0x70997970c51812dc3a010c7d01b50e0d17dc79c8
  To:                  0xe7f1725e7734ce288f8367e1bb143e90bb3f0512
  Value:               0 ETH
  Gas used:            92734 of 92734
  Block #23:           0xdaeeb09a520a798fe9f27ed1357d736aba9c78da4aef97db1a30104d294a3ec2

[32meth_getTransactionByHash[0m
[32meth_getTransactionReceipt[0m
[32meth_blockNumber[0m
[32meth_feeHistory[0m
[32meth_estimateGas[0m
[32meth_sendTransaction[0m
  Contract call:       GovCore#assignMandate
  Transaction:         0x405382fd8dc41db3a06c281484a1e4965f7442c65fbb50c6f07dc2b767d0bf97
  From:                0x70997970c51812dc3a010c7d01b50e0d17dc79c8
  To:                  0xe7f1725e7734ce288f8367e1bb143e90bb3f0512
  Value:               0 ETH
  Gas used:            142704 of 142704
  Block #24:           0x7696d5273affd637a7fae99113702f38dde805066971817dd49bf51dc8a3a2c2

[32meth_getTransactionByHash[0m
[32meth_getTransactionReceipt[0m
[32meth_blockNumber[0m
[32meth_feeHistory[0m
[32meth_estimateGas[0m
[32meth_sendTransaction[0m
  Contract call:       GovCore#setPolicyRule
  Transaction:         0xc11573444efe6a6d950b3bbba687ad26b09c8c583a52c857d01c196ef85db746
  From:                0x70997970c51812dc3a010c7d01b50e0d17dc79c8
  To:                  0xe7f1725e7734ce288f8367e1bb143e90bb3f0512
  Value:               0 ETH
  Gas used:            242337 of 242337
  Block #25:           0x36ca51bb8e13922a3b54ce4372210b95a3cf3142b5a3647ed24330750a834c7b

[32meth_getTransactionByHash[0m
[32meth_getTransactionReceipt[0m
[32meth_blockNumber[0m
[32meth_feeHistory[0m
[32meth_estimateGas[0m
[32meth_sendTransaction[0m
  Contract call:       GovCore#setPolicyRule
  Transaction:         0x279648ef197de511d294519f0c0327c86ef56e1a5f2a075ddafc7f7f07aff7a9
  From:                0x70997970c51812dc3a010c7d01b50e0d17dc79c8
  To:                  0xe7f1725e7734ce288f8367e1bb143e90bb3f0512
  Value:               0 ETH
  Gas used:            335923 of 335923
  Block #26:           0x9043e26acf5fa266e11a28a81ecda37953d72170eed1cf6e947a4171137fab3c

[32meth_getTransactionByHash[0m
[32meth_getTransactionReceipt[0m
[32meth_call[0m
  Contract call:       GovProposals#nextProposalId
  From:                0xf39fd6e51aad88f6f4ce6ab8827279cfffb92266
  To:                  0x9fe46736679d2d9a65f0992f2272de9f3c7fa6e0

[32meth_blockNumber[0m
[32meth_feeHistory[0m
[32meth_estimateGas[0m
[32meth_sendTransaction[0m
  Contract call:       GovProposals#createProposal
  Transaction:         0x6be85c8e5b71d2b6553420fd963102b4ebbfca1881d330cb5a3aa536ba0fde45
  From:                0x90f79bf6eb2c4f870365e785982e1f101e93b906
  To:                  0x9fe46736679d2d9a65f0992f2272de9f3c7fa6e0
  Value:               0 ETH
  Gas used:            216993 of 216993
  Block #27:           0x8a3be3d8421eb1b030dc50277333c54e643a5412e837570fa9c99103ee01cf38

[32meth_getTransactionByHash[0m
[32meth_getTransactionReceipt[0m
[32meth_call[0m
  Contract call:       GovProposals#nextProposalId
  From:                0xf39fd6e51aad88f6f4ce6ab8827279cfffb92266
  To:                  0x9fe46736679d2d9a65f0992f2272de9f3c7fa6e0

[32meth_blockNumber[0m
[32meth_feeHistory[0m
[32meth_estimateGas[0m
[32meth_sendTransaction[0m
  Contract call:       GovProposals#createProposal
  Transaction:         0xd0bebab1a167828281a1b2cd7a104e57fc42b46501d0b1bbccaefa6374c62a2c
  From:                0x90f79bf6eb2c4f870365e785982e1f101e93b906
  To:                  0x9fe46736679d2d9a65f0992f2272de9f3c7fa6e0
  Value:               0 ETH
  Gas used:            235170 of 235170
  Block #28:           0x7d3554753b2d1c8ffab46f7b2503d8d17c6fe4a9913a05a8aee0e890c3a166e8

[32meth_getTransactionByHash[0m
[32meth_getTransactionReceipt[0m
[32meth_call[0m
  Contract call:       GovCore#nextOrgId
  From:                0xf39fd6e51aad88f6f4ce6ab8827279cfffb92266
  To:                  0xe7f1725e7734ce288f8367e1bb143e90bb3f0512

[32meth_blockNumber[0m
[32meth_feeHistory[0m
[32meth_estimateGas[0m
[32meth_sendTransaction[0m
  Contract call:       GovCore#createOrganization
  Transaction:         0x66ec5154ef3316958c65a1433c0c12c34bb40315eb19686471565eac56343ec3
  From:                0xf39fd6e51aad88f6f4ce6ab8827279cfffb92266
  To:                  0xe7f1725e7734ce288f8367e1bb143e90bb3f0512
  Value:               0 ETH
  Gas used:            145284 of 145284
  Block #29:           0xd14b5a8bb6eac63d6ea93147bec82e5564a95833bea9e831705c032437d30e2b

[32meth_getTransactionByHash[0m
[32meth_getTransactionReceipt[0m
[32meth_call[0m
  Contract call:       GovCore#nextBodyId
  From:                0xf39fd6e51aad88f6f4ce6ab8827279cfffb92266
  To:                  0xe7f1725e7734ce288f8367e1bb143e90bb3f0512

[32meth_blockNumber[0m
[32meth_feeHistory[0m
[32meth_estimateGas[0m
[32meth_sendTransaction[0m
  Contract call:       GovCore#createBody
  Transaction:         0x9994be7430bc4aefebb494f9b135a98fe2101c740b5fe5604b593ea0e0b2c95a
  From:                0x3c44cdddb6a900fa2b585dd299e03d12fa4293bc
  To:                  0xe7f1725e7734ce288f8367e1bb143e90bb3f0512
  Value:               0 ETH
  Gas used:            124555 of 124555
  Block #30:           0x1cb81d80d8f0d148dac0007c5ef1ecd3ac23117a80534d430cedeb648ef1bccd

[32meth_getTransactionByHash[0m
[32meth_getTransactionReceipt[0m
[32meth_call[0m
  Contract call:       GovCore#nextBodyId
  From:                0xf39fd6e51aad88f6f4ce6ab8827279cfffb92266
  To:                  0xe7f1725e7734ce288f8367e1bb143e90bb3f0512

[32meth_blockNumber[0m
[32meth_feeHistory[0m
[32meth_estimateGas[0m
[32meth_sendTransaction[0m
  Contract call:       GovCore#createBody
  Transaction:         0x3d59a80f50f0570e7ae41173b4e8a557c85bc36d6496e26da1b26e19da18e526
  From:                0x3c44cdddb6a900fa2b585dd299e03d12fa4293bc
  To:                  0xe7f1725e7734ce288f8367e1bb143e90bb3f0512
  Value:               0 ETH
  Gas used:            90331 of 90331
  Block #31:           0xa2cae6c662308864cfdb789d0f9d6441f2728d9fe1b79c3932828d7e2b40865a

[32meth_getTransactionByHash[0m
[32meth_getTransactionReceipt[0m
[32meth_call[0m
  Contract call:       GovCore#nextBodyId
  From:                0xf39fd6e51aad88f6f4ce6ab8827279cfffb92266
  To:                  0xe7f1725e7734ce288f8367e1bb143e90bb3f0512

[32meth_blockNumber[0m
[32meth_feeHistory[0m
[32meth_estimateGas[0m
[32meth_sendTransaction[0m
  Contract call:       GovCore#createBody
  Transaction:         0xb8f98fee8a9b6426858380f5a1d4ba4057d9fbdb98d74e2047a2bd68a40c5449
  From:                0x3c44cdddb6a900fa2b585dd299e03d12fa4293bc
  To:                  0xe7f1725e7734ce288f8367e1bb143e90bb3f0512
  Value:               0 ETH
  Gas used:            90403 of 90403
  Block #32:           0x7365bc5f3e13fbc612ebb9ce1b92fdaa9bc9e6d64e46917e36324f9acc705bf2

[32meth_getTransactionByHash[0m
[32meth_getTransactionReceipt[0m
[32meth_call[0m
  Contract call:       GovCore#nextRoleId
  From:                0xf39fd6e51aad88f6f4ce6ab8827279cfffb92266
  To:                  0xe7f1725e7734ce288f8367e1bb143e90bb3f0512

[32meth_blockNumber[0m
[32meth_feeHistory[0m
[32meth_estimateGas[0m
[32meth_sendTransaction[0m
  Contract call:       GovCore#createRole
  Transaction:         0x9230efcf577168529a4d1897dc87d90a637194714fef7f45501370c5eb4f9006
  From:                0x3c44cdddb6a900fa2b585dd299e03d12fa4293bc
  To:                  0xe7f1725e7734ce288f8367e1bb143e90bb3f0512
  Value:               0 ETH
  Gas used:            126934 of 126934
  Block #33:           0xefecdfa41ebc0fc36f3f08fe30d71db9aaa06167a76320c86333f47f09cf1470

[32meth_getTransactionByHash[0m
[32meth_getTransactionReceipt[0m
[32meth_blockNumber[0m
[32meth_feeHistory[0m
[32meth_estimateGas[0m
[32meth_sendTransaction[0m
  Contract call:       GovCore#assignMandate
  Transaction:         0xd4cec32e432de6defaf24bde1a9e94a7cdff3e4db906f4507ca39eed450df6ff
  From:                0x3c44cdddb6a900fa2b585dd299e03d12fa4293bc
  To:                  0xe7f1725e7734ce288f8367e1bb143e90bb3f0512
  Value:               0 ETH
  Gas used:            176904 of 176904
  Block #34:           0x2a92d5f1be36542ed030a631d9486c256941db271b1d1607f14cbab98a773fc5

[32meth_getTransactionByHash[0m
[32meth_getTransactionReceipt[0m
[32meth_call[0m
  Contract call:       GovCore#nextRoleId
  From:                0xf39fd6e51aad88f6f4ce6ab8827279cfffb92266
  To:                  0xe7f1725e7734ce288f8367e1bb143e90bb3f0512

[32meth_blockNumber[0m
[32meth_feeHistory[0m
[32meth_estimateGas[0m
[32meth_sendTransaction[0m
  Contract call:       GovCore#createRole
  Transaction:         0x13080bee000d2a76748667442cbf230b16176f7f963496757afb31c894add270
  From:                0x3c44cdddb6a900fa2b585dd299e03d12fa4293bc
  To:                  0xe7f1725e7734ce288f8367e1bb143e90bb3f0512
  Value:               0 ETH
  Gas used:            126946 of 126946
  Block #35:           0xa648cfaa687c9d2eccf41932045e59fb16bfccc0a9870373720e5f0b7275f4e9

[32meth_getTransactionByHash[0m
[32meth_getTransactionReceipt[0m
[32meth_blockNumber[0m
[32meth_feeHistory[0m
[32meth_estimateGas[0m
[32meth_sendTransaction[0m
  Contract call:       GovCore#assignMandate
  Transaction:         0xf035496936efba096e2572462340ab62a3068bcd1e84f15b3dee9bd7e49de3ef
  From:                0x3c44cdddb6a900fa2b585dd299e03d12fa4293bc
  To:                  0xe7f1725e7734ce288f8367e1bb143e90bb3f0512
  Value:               0 ETH
  Gas used:            142704 of 142704
  Block #36:           0x184e1366275bd9fa66b0638ac6fa48ae32b1e70b65701a6dab84c7c8a762330c

[32meth_getTransactionByHash[0m
[32meth_getTransactionReceipt[0m
[32meth_call[0m
  Contract call:       GovCore#nextRoleId
  From:                0xf39fd6e51aad88f6f4ce6ab8827279cfffb92266
  To:                  0xe7f1725e7734ce288f8367e1bb143e90bb3f0512

[32meth_blockNumber[0m
[32meth_feeHistory[0m
[32meth_estimateGas[0m
[32meth_sendTransaction[0m
  Contract call:       GovCore#createRole
  Transaction:         0x83a44a182a74f0c711a187f7b70f068a11124f3d75d73ddfc5c0db9e5cde453a
  From:                0x3c44cdddb6a900fa2b585dd299e03d12fa4293bc
  To:                  0xe7f1725e7734ce288f8367e1bb143e90bb3f0512
  Value:               0 ETH
  Gas used:            92746 of 92746
  Block #37:           0x27a7148173629b4f3881deeb8756c4a0b20a074cfad0afd55cfd74116d8cf2eb

[32meth_getTransactionByHash[0m
[32meth_getTransactionReceipt[0m
[32meth_blockNumber[0m
[32meth_feeHistory[0m
[32meth_estimateGas[0m
[32meth_sendTransaction[0m
  Contract call:       GovCore#assignMandate
  Transaction:         0xaf389f2b2af321886b4b5e9898028a33638b9a5f3b785fcc4e35d265a221e478
  From:                0x3c44cdddb6a900fa2b585dd299e03d12fa4293bc
  To:                  0xe7f1725e7734ce288f8367e1bb143e90bb3f0512
  Value:               0 ETH
  Gas used:            176904 of 176904
  Block #38:           0xfa18b991954346c1a3b6cf775f0b3308a565da692a7851e5c11f3c98d618bdfe

[32meth_getTransactionByHash[0m
[32meth_getTransactionReceipt[0m
[32meth_call[0m
  Contract call:       GovCore#nextRoleId
  From:                0xf39fd6e51aad88f6f4ce6ab8827279cfffb92266
  To:                  0xe7f1725e7734ce288f8367e1bb143e90bb3f0512

[32meth_blockNumber[0m
[32meth_feeHistory[0m
[32meth_estimateGas[0m
[32meth_sendTransaction[0m
  Contract call:       GovCore#createRole
  Transaction:         0xbf6b25014181380a23bcc807edd283196cdff791747510197dcd23b1e1270435
  From:                0x3c44cdddb6a900fa2b585dd299e03d12fa4293bc
  To:                  0xe7f1725e7734ce288f8367e1bb143e90bb3f0512
  Value:               0 ETH
  Gas used:            92746 of 92746
  Block #39:           0x752ac7cdb1abd986234c0006572fc3caff264ef20f21fc18ccfc21d49bb4fb51

[32meth_getTransactionByHash[0m
[32meth_getTransactionReceipt[0m
[32meth_blockNumber[0m
[32meth_feeHistory[0m
[32meth_estimateGas[0m
[32meth_sendTransaction[0m
  Contract call:       GovCore#assignMandate
  Transaction:         0x2c823ee9b1f4440c24effa1568f0121b62e7c9479a2b54d851253647734697f0
  From:                0x3c44cdddb6a900fa2b585dd299e03d12fa4293bc
  To:                  0xe7f1725e7734ce288f8367e1bb143e90bb3f0512
  Value:               0 ETH
  Gas used:            176904 of 176904
  Block #40:           0xa3038a5d10b465aeef3e7fcc236fcb761ceb34f0993db25064e90f0f8741e211

[32meth_getTransactionByHash[0m
[32meth_getTransactionReceipt[0m
[32meth_call[0m
  Contract call:       GovCore#nextRoleId
  From:                0xf39fd6e51aad88f6f4ce6ab8827279cfffb92266
  To:                  0xe7f1725e7734ce288f8367e1bb143e90bb3f0512

[32meth_blockNumber[0m
[32meth_feeHistory[0m
[32meth_estimateGas[0m
[32meth_sendTransaction[0m
  Contract call:       GovCore#createRole
  Transaction:         0xe9a8efaf9a3dc10d1ebeb41d8fceba36c9aa82855a1a302b118bb6e1a2dbcbd6
  From:                0x3c44cdddb6a900fa2b585dd299e03d12fa4293bc
  To:                  0xe7f1725e7734ce288f8367e1bb143e90bb3f0512
  Value:               0 ETH
  Gas used:            126946 of 126946
  Block #41:           0x77a1de8eba85e32ec431def5f7f409dc39e021fa6aee7707727727f1f0687fc0

[32meth_getTransactionByHash[0m
[32meth_getTransactionReceipt[0m
[32meth_blockNumber[0m
[32meth_feeHistory[0m
[32meth_estimateGas[0m
[32meth_sendTransaction[0m
  Contract call:       GovCore#assignMandate
  Transaction:         0x3b5a94d013a8821789c8544c673248954b4888c7f55ec7f1df3d2c972cde092f
  From:                0x3c44cdddb6a900fa2b585dd299e03d12fa4293bc
  To:                  0xe7f1725e7734ce288f8367e1bb143e90bb3f0512
  Value:               0 ETH
  Gas used:            176904 of 176904
  Block #42:           0x426190ffc68a37d564f22b3880069f63de447cfa85ac37247fc6f3a5a7ca3cff

[32meth_getTransactionByHash[0m
[32meth_getTransactionReceipt[0m
[32meth_call[0m
  Contract call:       GovCore#nextRoleId
  From:                0xf39fd6e51aad88f6f4ce6ab8827279cfffb92266
  To:                  0xe7f1725e7734ce288f8367e1bb143e90bb3f0512

[32meth_blockNumber[0m
[32meth_feeHistory[0m
[32meth_estimateGas[0m
[32meth_sendTransaction[0m
  Contract call:       GovCore#createRole
  Transaction:         0xb1ab2a960de8e2a47d081387c50934f871979a02015b8cd5a2b80d84a734b1c2
  From:                0x3c44cdddb6a900fa2b585dd299e03d12fa4293bc
  To:                  0xe7f1725e7734ce288f8367e1bb143e90bb3f0512
  Value:               0 ETH
  Gas used:            92746 of 92746
  Block #43:           0x78580dbcde8c6f2fad68c85b4c592f9d7ff30fcf5f66b1050ac2dd4a91297e5e

[32meth_getTransactionByHash[0m
[32meth_getTransactionReceipt[0m
[32meth_blockNumber[0m
[32meth_feeHistory[0m
[32meth_estimateGas[0m
[32meth_sendTransaction[0m
  Contract call:       GovCore#assignMandate
  Transaction:         0x41cd0219f4e31702e7c87715d8e0a2bd85ee9442b171485b0f8aec83d9c3e695
  From:                0x3c44cdddb6a900fa2b585dd299e03d12fa4293bc
  To:                  0xe7f1725e7734ce288f8367e1bb143e90bb3f0512
  Value:               0 ETH
  Gas used:            142704 of 142704
  Block #44:           0xe6113571ed2f090baa720b17fabc1adacaad4eaec446f686e5364b4d54bf293d

[32meth_getTransactionByHash[0m
[32meth_getTransactionReceipt[0m
[32meth_call[0m
  Contract call:       GovCore#nextRoleId
  From:                0xf39fd6e51aad88f6f4ce6ab8827279cfffb92266
  To:                  0xe7f1725e7734ce288f8367e1bb143e90bb3f0512

[32meth_blockNumber[0m
[32meth_feeHistory[0m
[32meth_estimateGas[0m
[32meth_sendTransaction[0m
  Contract call:       GovCore#createRole
  Transaction:         0xe86732e1eff4f52d20945de2806fdf8830dcaaddcb6257c8e5d234e41e0019e1
  From:                0x3c44cdddb6a900fa2b585dd299e03d12fa4293bc
  To:                  0xe7f1725e7734ce288f8367e1bb143e90bb3f0512
  Value:               0 ETH
  Gas used:            92746 of 92746
  Block #45:           0x5c35dc23357ac0f7cc9119c8b244957a39df54ef73db9b2b794a47219030ddac

[32meth_getTransactionByHash[0m
[32meth_getTransactionReceipt[0m
[32meth_blockNumber[0m
[32meth_feeHistory[0m
[32meth_estimateGas[0m
[32meth_sendTransaction[0m
  Contract call:       GovCore#assignMandate
  Transaction:         0xe92e9667a099d7272326fa108098666be9731c8a87519b3bc137c55c0c039eb1
  From:                0x3c44cdddb6a900fa2b585dd299e03d12fa4293bc
  To:                  0xe7f1725e7734ce288f8367e1bb143e90bb3f0512
  Value:               0 ETH
  Gas used:            176904 of 176904
  Block #46:           0x848a8d0292d3d50cafa00b55dff62d2db4cd3aab332d6f0b5486d453ee5ce5cd

[32meth_getTransactionByHash[0m
[32meth_getTransactionReceipt[0m
[32meth_call[0m
  Contract call:       GovCore#nextRoleId
  From:                0xf39fd6e51aad88f6f4ce6ab8827279cfffb92266
  To:                  0xe7f1725e7734ce288f8367e1bb143e90bb3f0512

[32meth_blockNumber[0m
[32meth_feeHistory[0m
[32meth_estimateGas[0m
[32meth_sendTransaction[0m
  Contract call:       GovCore#createRole
  Transaction:         0x070e0436ad7bd80174a3ec250c2f5c23c01d86c7b79103cef0391f8048f288f7
  From:                0x3c44cdddb6a900fa2b585dd299e03d12fa4293bc
  To:                  0xe7f1725e7734ce288f8367e1bb143e90bb3f0512
  Value:               0 ETH
  Gas used:            92746 of 92746
  Block #47:           0x9b4199f58a78c554aec7df4ecd08e213be4ab0a511c50973cd4599e42e00f5c2

[32meth_getTransactionByHash[0m
[32meth_getTransactionReceipt[0m
[32meth_blockNumber[0m
[32meth_feeHistory[0m
[32meth_estimateGas[0m
[32meth_sendTransaction[0m
  Contract call:       GovCore#assignMandate
  Transaction:         0x5b641f89497f81973deaa3accae97fbd23a5ee400dc6880843fe23f268a8237f
  From:                0x3c44cdddb6a900fa2b585dd299e03d12fa4293bc
  To:                  0xe7f1725e7734ce288f8367e1bb143e90bb3f0512
  Value:               0 ETH
  Gas used:            142704 of 142704
  Block #48:           0x55cbae8880aa153cc136ed8fd53259d752510136078f9e6065ecc7c42629bb2f

[32meth_getTransactionByHash[0m
[32meth_getTransactionReceipt[0m
[32meth_call[0m
  Contract call:       GovCore#nextRoleId
  From:                0xf39fd6e51aad88f6f4ce6ab8827279cfffb92266
  To:                  0xe7f1725e7734ce288f8367e1bb143e90bb3f0512

[32meth_blockNumber[0m
[32meth_feeHistory[0m
[32meth_estimateGas[0m
[32meth_sendTransaction[0m
  Contract call:       GovCore#createRole
  Transaction:         0x172087ea2d2c52fc64074a6e3c8c0f32a98f7961a253ad74afe9189e06421716
  From:                0x3c44cdddb6a900fa2b585dd299e03d12fa4293bc
  To:                  0xe7f1725e7734ce288f8367e1bb143e90bb3f0512
  Value:               0 ETH
  Gas used:            92746 of 92746
  Block #49:           0x971e55e7beb9ae3463dab240dba0a211302cbe70fe69089c460302d8c83d43db

[32meth_getTransactionByHash[0m
[32meth_getTransactionReceipt[0m
[32meth_blockNumber[0m
[32meth_feeHistory[0m
[32meth_estimateGas[0m
[32meth_sendTransaction[0m
  Contract call:       GovCore#assignMandate
  Transaction:         0x9c8fac2bd44478ea4173c3423167c2b5284d66e1d139b8ab00043629b539344a
  From:                0x3c44cdddb6a900fa2b585dd299e03d12fa4293bc
  To:                  0xe7f1725e7734ce288f8367e1bb143e90bb3f0512
  Value:               0 ETH
  Gas used:            142704 of 142704
  Block #50:           0x43f7b903e80652577bb88fbe80768d504cc40a37c4ac14d3aec18b293658ede0

[32meth_getTransactionByHash[0m
[32meth_getTransactionReceipt[0m
[32meth_blockNumber[0m
[32meth_feeHistory[0m
[32meth_estimateGas[0m
[32meth_sendTransaction[0m
  Contract call:       GovCore#setPolicyRule
  Transaction:         0x51005f32d77c7715c2ccf93ecfc739cfc2f6fb1d3aff3e077678536328808c7f
  From:                0x3c44cdddb6a900fa2b585dd299e03d12fa4293bc
  To:                  0xe7f1725e7734ce288f8367e1bb143e90bb3f0512
  Value:               0 ETH
  Gas used:            242337 of 242337
  Block #51:           0xae354cace1c38f63e19d007d47c94dd0a9d984fc413073411389cde729f8f912

[32meth_getTransactionByHash[0m
[32meth_getTransactionReceipt[0m
[32meth_blockNumber[0m
[32meth_feeHistory[0m
[32meth_estimateGas[0m
[32meth_sendTransaction[0m
  Contract call:       GovCore#setPolicyRule
  Transaction:         0x81fe486e27a74f1c84227891fc684998ad70ec2d1546cb913bf6f593237cbee8
  From:                0x3c44cdddb6a900fa2b585dd299e03d12fa4293bc
  To:                  0xe7f1725e7734ce288f8367e1bb143e90bb3f0512
  Value:               0 ETH
  Gas used:            330948 of 330948
  Block #52:           0xcebb3d17e028d5eb18f10997ca6b03ff64834988538b04bb127cb8b16b235959

[32meth_getTransactionByHash[0m
[32meth_getTransactionReceipt[0m
[32meth_blockNumber[0m
[32meth_feeHistory[0m
[32meth_estimateGas[0m
[32meth_sendTransaction[0m
  Contract call:       GovCore#setPolicyRule
  Transaction:         0xb17351d6bda6c19a6d4f9780ebdbd37ec0146a47acd3586c24158b82ebfb18eb
  From:                0x3c44cdddb6a900fa2b585dd299e03d12fa4293bc
  To:                  0xe7f1725e7734ce288f8367e1bb143e90bb3f0512
  Value:               0 ETH
  Gas used:            242337 of 242337
  Block #53:           0xfe1c25052f1bd6598953e059d5096ce12b4df662a0d3586816e46071b0e33774

[32meth_getTransactionByHash[0m
[32meth_getTransactionReceipt[0m
[32meth_call[0m
  Contract call:       GovProposals#nextProposalId
  From:                0xf39fd6e51aad88f6f4ce6ab8827279cfffb92266
  To:                  0x9fe46736679d2d9a65f0992f2272de9f3c7fa6e0

[32meth_blockNumber[0m
[32meth_feeHistory[0m
[32meth_estimateGas[0m
[32meth_sendTransaction[0m
  Contract call:       GovProposals#createProposal
  Transaction:         0xab60e4015d8dc145e619920774e3ef05c714698a004622e11b244bc865d38b4c
  From:                0x90f79bf6eb2c4f870365e785982e1f101e93b906
  To:                  0x9fe46736679d2d9a65f0992f2272de9f3c7fa6e0
  Value:               0 ETH
  Gas used:            216993 of 216993
  Block #54:           0x050bbb3eeebac5e3861afd375ab222f3c26923aa36934eed59c41969a555f7a4

[32meth_getTransactionByHash[0m
[32meth_getTransactionReceipt[0m
[32meth_call[0m
  Contract call:       GovProposals#nextProposalId
  From:                0xf39fd6e51aad88f6f4ce6ab8827279cfffb92266
  To:                  0x9fe46736679d2d9a65f0992f2272de9f3c7fa6e0

[32meth_blockNumber[0m
[32meth_feeHistory[0m
[32meth_estimateGas[0m
[32meth_sendTransaction[0m
  Contract call:       GovProposals#createProposal
  Transaction:         0xeaffa2ef144d8cde616b7c8014add6faca7d4570ef21f6257f893257444efe27
  From:                0x90f79bf6eb2c4f870365e785982e1f101e93b906
  To:                  0x9fe46736679d2d9a65f0992f2272de9f3c7fa6e0
  Value:               0 ETH
  Gas used:            236447 of 236447
  Block #55:           0xa03cefc0ffc0cbb0ecd23f975d7c9bebb3c87ba26dc25aec80419b4b788de776

[32meth_getTransactionByHash[0m
[32meth_getTransactionReceipt[0m
[32meth_chainId[0m
[32meth_blockNumber[0m
[32meth_getLogs[0m
[32meth_getBlockByNumber[0m
[32meth_getBlockByNumber (2)[0m
[32meth_getBlockByNumber (3)[0m
[32meth_getBlockByNumber (4)[0m
[32meth_getBlockByNumber (5)[0m
[32meth_getBlockByNumber (6)[0m
[32meth_getBlockByNumber (7)[0m
[32meth_getBlockByNumber (8)[0m
[32meth_getBlockByNumber (9)[0m
[32meth_getBlockByNumber (10)[0m
[32meth_getBlockByNumber (11)[0m
[32meth_getBlockByNumber (12)[0m
[32meth_getBlockByNumber (13)[0m
[32meth_getBlockByNumber (14)[0m
[32meth_getBlockByNumber (15)[0m
[32meth_getBlockByNumber (16)[0m
[32meth_getBlockByNumber (17)[0m
[32meth_getBlockByNumber (18)[0m
[32meth_getBlockByNumber (19)[0m
[32meth_getBlockByNumber (20)[0m
[32meth_getBlockByNumber (21)[0m
[32meth_getBlockByNumber (22)[0m
[32meth_getBlockByNumber (23)[0m
[32meth_getBlockByNumber (24)[0m
[32meth_getBlockByNumber (25)[0m
[32meth_getBlockByNumber (26)[0m
[32meth_getBlockByNumber (27)[0m
[32meth_getBlockByNumber (28)[0m
[32meth_getBlockByNumber (29)[0m
[32meth_getBlockByNumber (30)[0m
[32meth_getBlockByNumber (31)[0m
[32meth_getBlockByNumber (32)[0m
[32meth_getBlockByNumber (33)[0m
[32meth_getBlockByNumber (34)[0m
[32meth_getBlockByNumber (35)[0m
[32meth_getBlockByNumber (36)[0m
[32meth_getBlockByNumber (37)[0m
[32meth_getBlockByNumber (38)[0m
[32meth_getBlockByNumber (39)[0m
[32meth_getBlockByNumber (40)[0m
[32meth_getBlockByNumber (41)[0m
[32meth_getBlockByNumber (42)[0m
[32meth_getBlockByNumber (43)[0m
[32meth_getBlockByNumber (44)[0m
[32meth_getBlockByNumber (45)[0m
[32meth_getBlockByNumber (46)[0m
[32meth_getBlockByNumber (47)[0m
[32meth_getLogs[0m
[32meth_getBlockByNumber[0m
[32meth_getBlockByNumber (2)[0m
[32meth_getBlockByNumber (3)[0m
[32meth_getBlockByNumber (4)[0m
